<?xml version="1.0" encoding="UTF-8"?>
<!-- Generated by org.testng.reporters.JUnitReportReporter -->
<testsuite hostname="DESKTOP-B5IF953" failures="0" tests="3" name="P1.SubmitOrderTest" time="48.684" errors="0" timestamp="2023-08-10T16:31:53 EEST" skipped="0">
  <testcase classname="P1.SubmitOrderTest" name="submitOrder" time="20.735"/>
  <testcase classname="P1.SubmitOrderTest" name="submitOrder" time="20.221"/>
  <testcase classname="P1.SubmitOrderTest" name="OrderHistoryTest" time="7.728"/>
</testsuite> <!-- P1.SubmitOrderTest -->
